<?xml version="1.0" encoding="UTF-8"?>
<!-- Generated by org.testng.reporters.JUnitReportReporter -->
<testsuite hostname="Anurag" name="com.quadlabs.pagescript.hotel.LoginHotelTest" tests="1" failures="0" timestamp="8 May 2019 11:48:17 GMT" time="40.831" errors="0">
  <testcase name="validlogintest" time="40.831" classname="com.quadlabs.pagescript.hotel.LoginHotelTest"/>
</testsuite> <!-- com.quadlabs.pagescript.hotel.LoginHotelTest -->
