<?xml version="1.0" encoding="UTF-8"?>
<!-- Generated by org.testng.reporters.JUnitReportReporter -->
<testsuite skipped="0" hostname="Anurag" name="com.quadlabs.pagescript.LoginTest" tests="1" failures="0" timestamp="31 Dec 2018 09:54:07 GMT" time="42.350" errors="0">
  <testcase name="validlogintest" time="42.350" classname="com.quadlabs.pagescript.LoginTest"/>
</testsuite> <!-- com.quadlabs.pagescript.LoginTest -->
