<?xml version="1.0" encoding="UTF-8"?>
<!-- Generated by org.testng.reporters.JUnitReportReporter -->
<testsuite hostname="Anurag" name="com.quadlabs.pagescript.LoginTest" tests="1" failures="0" timestamp="8 May 2019 11:25:27 GMT" time="23.541" errors="0">
  <testcase name="validlogintest" time="23.541" classname="com.quadlabs.pagescript.LoginTest"/>
</testsuite> <!-- com.quadlabs.pagescript.LoginTest -->
