<?xml version="1.0" encoding="UTF-8"?>
<!-- Generated by org.testng.reporters.JUnitReportReporter -->
<testsuite skipped="0" hostname="Anurag" name="com.quadlabs.pagescript.DashBoardTest" tests="1" failures="0" timestamp="31 Dec 2018 10:01:58 GMT" time="29.626" errors="0">
  <testcase name="searchEmployee" time="29.626" classname="com.quadlabs.pagescript.DashBoardTest"/>
</testsuite> <!-- com.quadlabs.pagescript.DashBoardTest -->
